1733769693.835892 client started (7509): version 3.5a, socket /private/tmp/tmux-501/default, protocol 8
1733769693.835937 on Darwin 24.1.0 Darwin Kernel Version 24.1.0: Thu Oct 10 21:00:32 PDT 2024; root:xnu-11215.41.3~2/RELEASE_ARM64_T6030
1733769693.835951 using libevent 2.1.12-stable select
1733769693.836270 using utf8proc 2.9.0
1733769693.836290 using ncurses 6.5 20240427
1733769693.836322 flags are 0x10010000
1733769693.836334 socket is /private/tmp/tmux-501/default
1733769693.836349 trying connect
1733769693.836410 add peer 0x140008000: 7 (0x0)
1733769693.839131 sending message 111 to peer 0x140008000 (8 bytes)
1733769693.839143 sending message 111 to peer 0x140008000 (8 bytes)
1733769693.839150 sending message 101 to peer 0x140008000 (14 bytes)
1733769693.839156 sending message 109 to peer 0x140008000 (4 bytes)
1733769693.839162 sending message 102 to peer 0x140008000 (13 bytes)
1733769693.839168 sending message 108 to peer 0x140008000 (30 bytes)
1733769693.839174 sending message 112 to peer 0x140008000 (70 bytes)
1733769693.839179 sending message 112 to peer 0x140008000 (5 bytes)
1733769693.839184 sending message 112 to peer 0x140008000 (5 bytes)
1733769693.839190 sending message 112 to peer 0x140008000 (6 bytes)
1733769693.839195 sending message 112 to peer 0x140008000 (6 bytes)
1733769693.839201 sending message 112 to peer 0x140008000 (11 bytes)
1733769693.839206 sending message 112 to peer 0x140008000 (10 bytes)
1733769693.839211 sending message 112 to peer 0x140008000 (13 bytes)
1733769693.839217 sending message 112 to peer 0x140008000 (13 bytes)
1733769693.839222 sending message 112 to peer 0x140008000 (18 bytes)
1733769693.839228 sending message 112 to peer 0x140008000 (11 bytes)
1733769693.839233 sending message 112 to peer 0x140008000 (10 bytes)
1733769693.839238 sending message 112 to peer 0x140008000 (15 bytes)
1733769693.839243 sending message 112 to peer 0x140008000 (21 bytes)
1733769693.839249 sending message 112 to peer 0x140008000 (13 bytes)
1733769693.839254 sending message 112 to peer 0x140008000 (7 bytes)
1733769693.839259 sending message 112 to peer 0x140008000 (13 bytes)
1733769693.839264 sending message 112 to peer 0x140008000 (7 bytes)
1733769693.839269 sending message 112 to peer 0x140008000 (13 bytes)
1733769693.839275 sending message 112 to peer 0x140008000 (9 bytes)
1733769693.839280 sending message 112 to peer 0x140008000 (21 bytes)
1733769693.839285 sending message 112 to peer 0x140008000 (13 bytes)
1733769693.839290 sending message 112 to peer 0x140008000 (8 bytes)
1733769693.839295 sending message 112 to peer 0x140008000 (12 bytes)
1733769693.839300 sending message 112 to peer 0x140008000 (13 bytes)
1733769693.839306 sending message 112 to peer 0x140008000 (9 bytes)
1733769693.839311 sending message 112 to peer 0x140008000 (9 bytes)
1733769693.839316 sending message 112 to peer 0x140008000 (12 bytes)
1733769693.839322 sending message 112 to peer 0x140008000 (8 bytes)
1733769693.839327 sending message 112 to peer 0x140008000 (7 bytes)
1733769693.839332 sending message 112 to peer 0x140008000 (7 bytes)
1733769693.839337 sending message 112 to peer 0x140008000 (9 bytes)
1733769693.839342 sending message 112 to peer 0x140008000 (13 bytes)
1733769693.839347 sending message 112 to peer 0x140008000 (6 bytes)
1733769693.839353 sending message 112 to peer 0x140008000 (9 bytes)
1733769693.839358 sending message 112 to peer 0x140008000 (13 bytes)
1733769693.839363 sending message 112 to peer 0x140008000 (12 bytes)
1733769693.839369 sending message 112 to peer 0x140008000 (8 bytes)
1733769693.839374 sending message 112 to peer 0x140008000 (9 bytes)
1733769693.839379 sending message 112 to peer 0x140008000 (10 bytes)
1733769693.839384 sending message 112 to peer 0x140008000 (10 bytes)
1733769693.839390 sending message 112 to peer 0x140008000 (10 bytes)
1733769693.839395 sending message 112 to peer 0x140008000 (10 bytes)
1733769693.839400 sending message 112 to peer 0x140008000 (11 bytes)
1733769693.839405 sending message 112 to peer 0x140008000 (10 bytes)
1733769693.839410 sending message 112 to peer 0x140008000 (8 bytes)
1733769693.839425 sending message 112 to peer 0x140008000 (11 bytes)
1733769693.839430 sending message 112 to peer 0x140008000 (11 bytes)
1733769693.839434 sending message 112 to peer 0x140008000 (11 bytes)
1733769693.839438 sending message 112 to peer 0x140008000 (8 bytes)
1733769693.839441 sending message 112 to peer 0x140008000 (8 bytes)
1733769693.839446 sending message 112 to peer 0x140008000 (8 bytes)
1733769693.839449 sending message 112 to peer 0x140008000 (10 bytes)
1733769693.839453 sending message 112 to peer 0x140008000 (10 bytes)
1733769693.839457 sending message 112 to peer 0x140008000 (10 bytes)
1733769693.839461 sending message 112 to peer 0x140008000 (10 bytes)
1733769693.839465 sending message 112 to peer 0x140008000 (10 bytes)
1733769693.839469 sending message 112 to peer 0x140008000 (11 bytes)
1733769693.839472 sending message 112 to peer 0x140008000 (11 bytes)
1733769693.839476 sending message 112 to peer 0x140008000 (10 bytes)
1733769693.839480 sending message 112 to peer 0x140008000 (9 bytes)
1733769693.839484 sending message 112 to peer 0x140008000 (9 bytes)
1733769693.839488 sending message 112 to peer 0x140008000 (12 bytes)
1733769693.839491 sending message 112 to peer 0x140008000 (9 bytes)
1733769693.839495 sending message 112 to peer 0x140008000 (6 bytes)
1733769693.839499 sending message 112 to peer 0x140008000 (8 bytes)
1733769693.839503 sending message 112 to peer 0x140008000 (15 bytes)
1733769693.839507 sending message 112 to peer 0x140008000 (13 bytes)
1733769693.839511 sending message 112 to peer 0x140008000 (9 bytes)
1733769693.839514 sending message 112 to peer 0x140008000 (70 bytes)
1733769693.839518 sending message 112 to peer 0x140008000 (69 bytes)
1733769693.839522 sending message 112 to peer 0x140008000 (10 bytes)
1733769693.839526 sending message 112 to peer 0x140008000 (10 bytes)
1733769693.839530 sending message 112 to peer 0x140008000 (8 bytes)
1733769693.839534 sending message 112 to peer 0x140008000 (15 bytes)
1733769693.839538 sending message 112 to peer 0x140008000 (13 bytes)
1733769693.839542 sending message 112 to peer 0x140008000 (10 bytes)
1733769693.839546 sending message 112 to peer 0x140008000 (10 bytes)
1733769693.839549 sending message 112 to peer 0x140008000 (13 bytes)
1733769693.839553 sending message 112 to peer 0x140008000 (9 bytes)
1733769693.839557 sending message 112 to peer 0x140008000 (5 bytes)
1733769693.839561 sending message 112 to peer 0x140008000 (5 bytes)
1733769693.839566 sending message 104 to peer 0x140008000 (0 bytes)
1733769693.839571 sending message 110 to peer 0x140008000 (0 bytes)
1733769693.839575 sending message 107 to peer 0x140008000 (4 bytes)
1733769693.839579 sending message 105 to peer 0x140008000 (15 bytes)
1733769693.839583 sending message 105 to peer 0x140008000 (20 bytes)
1733769693.839587 sending message 105 to peer 0x140008000 (22 bytes)
1733769693.839591 sending message 105 to peer 0x140008000 (22 bytes)
1733769693.839595 sending message 105 to peer 0x140008000 (37 bytes)
1733769693.839598 sending message 105 to peer 0x140008000 (30 bytes)
1733769693.839602 sending message 105 to peer 0x140008000 (34 bytes)
1733769693.839606 sending message 105 to peer 0x140008000 (60 bytes)
1733769693.839610 sending message 105 to peer 0x140008000 (22 bytes)
1733769693.839614 sending message 105 to peer 0x140008000 (61 bytes)
1733769693.839618 sending message 105 to peer 0x140008000 (17 bytes)
1733769693.839621 sending message 105 to peer 0x140008000 (19 bytes)
1733769693.839625 sending message 105 to peer 0x140008000 (26 bytes)
1733769693.839629 sending message 105 to peer 0x140008000 (8 bytes)
1733769693.839633 sending message 105 to peer 0x140008000 (18 bytes)
1733769693.839637 sending message 105 to peer 0x140008000 (32 bytes)
1733769693.839641 sending message 105 to peer 0x140008000 (96 bytes)
1733769693.839644 sending message 105 to peer 0x140008000 (54 bytes)
1733769693.839648 sending message 105 to peer 0x140008000 (56 bytes)
1733769693.839652 sending message 105 to peer 0x140008000 (16 bytes)
1733769693.839656 sending message 105 to peer 0x140008000 (30 bytes)
1733769693.839667 sending message 105 to peer 0x140008000 (65 bytes)
1733769693.839671 sending message 105 to peer 0x140008000 (37 bytes)
1733769693.839675 sending message 105 to peer 0x140008000 (11 bytes)
1733769693.839679 sending message 105 to peer 0x140008000 (567 bytes)
1733769693.839684 sending message 105 to peer 0x140008000 (34 bytes)
1733769693.839688 sending message 105 to peer 0x140008000 (24 bytes)
1733769693.839692 sending message 105 to peer 0x140008000 (15 bytes)
1733769693.839695 sending message 105 to peer 0x140008000 (8 bytes)
1733769693.839699 sending message 105 to peer 0x140008000 (66 bytes)
1733769693.839703 sending message 105 to peer 0x140008000 (19 bytes)
1733769693.839707 sending message 105 to peer 0x140008000 (86 bytes)
1733769693.839711 sending message 105 to peer 0x140008000 (44 bytes)
1733769693.839714 sending message 105 to peer 0x140008000 (18 bytes)
1733769693.839718 sending message 105 to peer 0x140008000 (26 bytes)
1733769693.839722 sending message 105 to peer 0x140008000 (60 bytes)
1733769693.839726 sending message 105 to peer 0x140008000 (57 bytes)
1733769693.839730 sending message 105 to peer 0x140008000 (42 bytes)
1733769693.839733 sending message 105 to peer 0x140008000 (13 bytes)
1733769693.839737 sending message 105 to peer 0x140008000 (15 bytes)
1733769693.839741 sending message 105 to peer 0x140008000 (14 bytes)
1733769693.839745 sending message 105 to peer 0x140008000 (19 bytes)
1733769693.839749 sending message 105 to peer 0x140008000 (32 bytes)
1733769693.839753 sending message 105 to peer 0x140008000 (43 bytes)
1733769693.839757 sending message 105 to peer 0x140008000 (32 bytes)
1733769693.839761 sending message 105 to peer 0x140008000 (20 bytes)
1733769693.839765 sending message 105 to peer 0x140008000 (14 bytes)
1733769693.839768 sending message 105 to peer 0x140008000 (39 bytes)
1733769693.839772 sending message 105 to peer 0x140008000 (15 bytes)
1733769693.839776 sending message 105 to peer 0x140008000 (27 bytes)
1733769693.839780 sending message 105 to peer 0x140008000 (18 bytes)
1733769693.839784 sending message 105 to peer 0x140008000 (10 bytes)
1733769693.839788 sending message 105 to peer 0x140008000 (14 bytes)
1733769693.839791 sending message 105 to peer 0x140008000 (18 bytes)
1733769693.839795 sending message 105 to peer 0x140008000 (20 bytes)
1733769693.839799 sending message 105 to peer 0x140008000 (31 bytes)
1733769693.839803 sending message 105 to peer 0x140008000 (28 bytes)
1733769693.839807 sending message 105 to peer 0x140008000 (23 bytes)
1733769693.839811 sending message 105 to peer 0x140008000 (11 bytes)
1733769693.839815 sending message 105 to peer 0x140008000 (16 bytes)
1733769693.839818 sending message 105 to peer 0x140008000 (15 bytes)
1733769693.839822 sending message 105 to peer 0x140008000 (15 bytes)
1733769693.839826 sending message 105 to peer 0x140008000 (15 bytes)
1733769693.839830 sending message 105 to peer 0x140008000 (23 bytes)
1733769693.839834 sending message 105 to peer 0x140008000 (15 bytes)
1733769693.839837 sending message 105 to peer 0x140008000 (17 bytes)
1733769693.839841 sending message 105 to peer 0x140008000 (9 bytes)
1733769693.839845 sending message 105 to peer 0x140008000 (17 bytes)
1733769693.839849 sending message 105 to peer 0x140008000 (14 bytes)
1733769693.839853 sending message 105 to peer 0x140008000 (29 bytes)
1733769693.839856 sending message 105 to peer 0x140008000 (25 bytes)
1733769693.839860 sending message 106 to peer 0x140008000 (0 bytes)
1733769693.839911 sending message 200 to peer 0x140008000 (4 bytes)
1733769693.839917 client loop enter
1733769693.840095 peer 0x140008000 message 303
1733769693.840103 open write file 2 -
1733769693.840113 sending message 305 to peer 0x140008000 (8 bytes)
1733769693.840126 write check file 2
1733769693.840147 peer 0x140008000 message 304
1733769693.840152 write 58 to file 2
1733769693.840158 peer 0x140008000 message 203
1733769693.840162 file 2 58 bytes left
1733769693.840177 write check file 2
1733769693.840181 client loop exit
